Base path: /Applications/Unity/Unity.app/Contents
Pipe name: \\.\pipe\UnityShaderCompiler-1--1608138328
Cmd: getPlatforms
Cmd: preprocess
  insize=1432 outsize=1676 ok=1
Cmd: compileSnippet
  api=0 type=0 insize=4860 outsize=582 kw=DIRECTIONAL SHADOWS_OFF LIGHTMAP_OFF DIRLIGHTMAP_OFF ok=1
Cmd: compileSnippet
  api=0 type=1 insize=4860 outsize=383 kw=DIRECTIONAL SHADOWS_OFF LIGHTMAP_OFF DIRLIGHTMAP_OFF ok=1
Cmd: compileSnippet
  api=0 type=0 insize=2865 outsize=849 kw=POINT ok=1
Cmd: compileSnippet
  api=0 type=1 insize=2865 outsize=383 kw=POINT ok=1
Cmd: compileSnippet
  api=0 type=0 insize=2497 outsize=557 kw= ok=1
Cmd: compileSnippet
  api=0 type=1 insize=2497 outsize=265 kw= ok=1
Cmd: compileSnippet
  api=0 type=0 insize=4442 outsize=502 kw=LIGHTMAP_OFF DIRLIGHTMAP_OFF HDR_LIGHT_PREPASS_OFF ok=1
Cmd: compileSnippet
  api=0 type=1 insize=4442 outsize=383 kw=LIGHTMAP_OFF DIRLIGHTMAP_OFF HDR_LIGHT_PREPASS_OFF ok=1
Cmd: preprocess
  insize=1323 outsize=487 ok=1
Cmd: compileSnippet
  error: 2 plat 0 at (29): declaration of "_Time" conflicts with previous declaration at /UnityShaderVariables.cginc(16)
  error: 1 plat 0 at (44): implicit cast from "float4" to "float"
  error: 1 plat 0 at (45): implicit cast from "float4" to "float"
  error: 1 plat 0 at (49): implicit cast from "float4" to "float"
  api=0 type=0 insize=1138 outsize=0 kw= ok=0
Cmd: preprocess
  insize=1060 outsize=455 ok=1
Cmd: compileSnippet
  error: 2 plat 0 at (26): declaration of "_Time" conflicts with previous declaration at /UnityShaderVariables.cginc(16)
  error: 1 plat 0 at (40): implicit cast from "float4" to "float"
  api=0 type=0 insize=907 outsize=0 kw= ok=0
Cmd: preprocess
  insize=1191 outsize=1516 ok=1
Cmd: compileSnippet
  api=0 type=0 insize=4778 outsize=582 kw=DIRECTIONAL SHADOWS_OFF LIGHTMAP_OFF DIRLIGHTMAP_OFF ok=1
Cmd: compileSnippet
  api=0 type=1 insize=4778 outsize=347 kw=DIRECTIONAL SHADOWS_OFF LIGHTMAP_OFF DIRLIGHTMAP_OFF ok=1
Cmd: compileSnippet
  api=0 type=0 insize=2783 outsize=849 kw=POINT ok=1
Cmd: compileSnippet
  api=0 type=1 insize=2783 outsize=347 kw=POINT ok=1
Cmd: compileSnippet
  api=0 type=0 insize=2415 outsize=557 kw= ok=1
Cmd: compileSnippet
  api=0 type=1 insize=2415 outsize=159 kw= ok=1
Cmd: compileSnippet
  api=0 type=0 insize=4360 outsize=502 kw=LIGHTMAP_OFF DIRLIGHTMAP_OFF HDR_LIGHT_PREPASS_OFF ok=1
Cmd: compileSnippet
  api=0 type=1 insize=4360 outsize=347 kw=LIGHTMAP_OFF DIRLIGHTMAP_OFF HDR_LIGHT_PREPASS_OFF ok=1
